%!Adobe-FontList 1.18
%Locale:0x409

%BeginFont
Handler:DirectoryHandler
FontType:Type1
FontName:HelveticaNeue-Bold
FamilyName:Helvetica Neue
StyleName:75 Bold
MenuName:Helvetica 55 Roman
StyleBits:2
WeightClass:700
WidthClass:5
AngleClass:0
FullName:Helvetica 75 Bold
WritingScript:Roman
OutlineFileName:\HelveNeuBol
DataFormat:POSTResource
UsesStandardEncoding:yes
isCFF:no
hasSVG:no
FileLength:29160
FileModTime:823142187
DesignSize:-1
%EndFont

%BeginFont
Handler:DirectoryHandler
FontType:Type1
FontName:HelveticaNeue-BoldCond
FamilyName:Helvetica Neue
StyleName:77 Bold Condensed
MenuName:HelveticaNeue Condensed
StyleBits:2
WeightClass:700
WidthClass:3
AngleClass:0
FullName:Helvetica 77 Bold Condensed
WritingScript:Roman
OutlineFileName:\HelveNeuBolCon
DataFormat:POSTResource
UsesStandardEncoding:yes
isCFF:no
hasSVG:no
FileLength:29969
FileModTime:823142187
DesignSize:-1
%EndFont

%BeginFont
Handler:DirectoryHandler
FontType:Type1
FontName:HelveticaNeue-Condensed
FamilyName:Helvetica Neue
StyleName:57 Condensed
MenuName:HelveticaNeue Condensed
StyleBits:0
WeightClass:400
WidthClass:3
AngleClass:0
FullName:Helvetica 57 Condensed
WritingScript:Roman
OutlineFileName:\HelveNeuCon
DataFormat:POSTResource
UsesStandardEncoding:yes
isCFF:no
hasSVG:no
FileLength:29458
FileModTime:823142188
DesignSize:-1
%EndFont

%BeginFont
Handler:DirectoryHandler
FontType:Type1
FontName:HelveticaNeue-CondensedObl
FamilyName:Helvetica Neue
StyleName:57 Condensed Oblique
MenuName:HelveticaNeue Condensed
StyleBits:1
WeightClass:400
WidthClass:3
AngleClass:1
FullName:Helvetica 57 Condensed Oblique
WritingScript:Roman
OutlineFileName:\HelveNeuConObl
DataFormat:POSTResource
UsesStandardEncoding:yes
isCFF:no
hasSVG:no
FileLength:39459
FileModTime:823142188
DesignSize:-1
%EndFont

%BeginFont
Handler:DirectoryHandler
FontType:Type1
FontName:HelveticaNeue-Roman
FamilyName:Helvetica Neue
StyleName:55 Roman
MenuName:Helvetica 55 Roman
StyleBits:0
WeightClass:400
WidthClass:5
AngleClass:0
FullName:Helvetica 55 Roman
WritingScript:Roman
OutlineFileName:\HelveNeuRom
DataFormat:POSTResource
UsesStandardEncoding:yes
isCFF:no
hasSVG:no
FileLength:28348
FileModTime:823142189
DesignSize:-1
%EndFont

%BeginFont
Handler:DirectoryHandler
FontType:Suitcase
FontName:HelveticaNeue-Bold
OutlineFileName:\HelveticaNeue-Bold
ResourceID:537
MacStyle:0
FileLength:27438
FileModTime:1454068762
%EndFont

%BeginFont
Handler:DirectoryHandler
FontType:Suitcase
FontName:HelveticaNeue-BoldCond
OutlineFileName:\HelveticaNeue-BoldCond
ResourceID:8772
MacStyle:0
FileLength:24815
FileModTime:1454068762
%EndFont

%BeginFont
Handler:DirectoryHandler
FontType:Suitcase
FontName:HelveticaNeue-Condensed
OutlineFileName:\HelveticaNeue-Condensed
ResourceID:5796
MacStyle:0
FileLength:25808
FileModTime:1454068762
%EndFont

%BeginFont
Handler:DirectoryHandler
FontType:Suitcase
FontName:HelveticaNeue-CondensedObl
OutlineFileName:\HelveticaNeue-CondensedObl
ResourceID:8765
MacStyle:0
FileLength:25981
FileModTime:1454068762
%EndFont

%BeginFont
Handler:DirectoryHandler
FontType:Suitcase
FontName:HelveticaNeue-Roman
OutlineFileName:\HelveticaNeue-Roman
ResourceID:530
MacStyle:0
FileLength:27747
FileModTime:1454068763
%EndFont

%BeginFont
Handler:DirectoryHandler
FontType:Type1
FontName:MyriadPro-Regular
FamilyName:Myriad Pro
StyleName:Regular
MenuName:Myriad Pro
StyleBits:0
WeightClass:400
WidthClass:5
AngleClass:0
FullName:Myriad Pro
WritingScript:Roman
OutlineFileName:\MyriadPro-Regular.otf
DataFormat:sfntData
UsesStandardEncoding:yes
isCFF:yes
hasSVG:no
FileLength:97072
FileModTime:1486481367
DesignSize:110
NameArray:0,Mac,4,Myriad Pro
NameArray:0,Win,1,Myriad Pro
%EndFont

